Determining if the pthread_create exist failed with the following output:
Change Dir: /home/sqg/Vision_Lab/PCL_Learning/basic/Segmentation/cmake-build-debug/CMakeFiles/CMakeTmp

Run Build Command:"/usr/bin/make" "cmTC_a3520/fast"
/usr/bin/make -f CMakeFiles/cmTC_a3520.dir/build.make CMakeFiles/cmTC_a3520.dir/build
make[1]: Entering directory '/home/sqg/Vision_Lab/PCL_Learning/basic/Segmentation/cmake-build-debug/CMakeFiles/CMakeTmp'
Building C object CMakeFiles/cmTC_a3520.dir/CheckSymbolExists.c.o
/usr/bin/cc    -o CMakeFiles/cmTC_a3520.dir/CheckSymbolExists.c.o   -c /home/sqg/Vision_Lab/PCL_Learning/basic/Segmentation/cmake-build-debug/CMakeFiles/CMakeTmp/CheckSymbolExists.c
Linking C executable cmTC_a3520
/home/sqg/下载/clion-2018.3.4/bin/cmake/linux/bin/cmake -E cmake_link_script CMakeFiles/cmTC_a3520.dir/link.txt --verbose=1
/usr/bin/cc       -rdynamic CMakeFiles/cmTC_a3520.dir/CheckSymbolExists.c.o  -o cmTC_a3520 
CMakeFiles/cmTC_a3520.dir/CheckSymbolExists.c.o：在函数‘main’中：
CheckSymbolExists.c:(.text+0x16)：对‘pthread_create’未定义的引用
collect2: error: ld returned 1 exit status
CMakeFiles/cmTC_a3520.dir/build.make:86: recipe for target 'cmTC_a3520' failed
make[1]: *** [cmTC_a3520] Error 1
make[1]: Leaving directory '/home/sqg/Vision_Lab/PCL_Learning/basic/Segmentation/cmake-build-debug/CMakeFiles/CMakeTmp'
Makefile:121: recipe for target 'cmTC_a3520/fast' failed
make: *** [cmTC_a3520/fast] Error 2

File /home/sqg/Vision_Lab/PCL_Learning/basic/Segmentation/cmake-build-debug/CMakeFiles/CMakeTmp/CheckSymbolExists.c:
/* */
#include <pthread.h>

int main(int argc, char** argv)
{
  (void)argv;
#ifndef pthread_create
  return ((int*)(&pthread_create))[argc];
#else
  (void)argc;
  return 0;
#endif
}

Determining if the function pthread_create exists in the pthreads failed with the following output:
Change Dir: /home/sqg/Vision_Lab/PCL_Learning/basic/Segmentation/cmake-build-debug/CMakeFiles/CMakeTmp

Run Build Command:"/usr/bin/make" "cmTC_2268b/fast"
/usr/bin/make -f CMakeFiles/cmTC_2268b.dir/build.make CMakeFiles/cmTC_2268b.dir/build
make[1]: Entering directory '/home/sqg/Vision_Lab/PCL_Learning/basic/Segmentation/cmake-build-debug/CMakeFiles/CMakeTmp'
Building C object CMakeFiles/cmTC_2268b.dir/CheckFunctionExists.c.o
/usr/bin/cc   -DCHECK_FUNCTION_EXISTS=pthread_create   -o CMakeFiles/cmTC_2268b.dir/CheckFunctionExists.c.o   -c /home/sqg/下载/clion-2018.3.4/bin/cmake/linux/share/cmake-3.13/Modules/CheckFunctionExists.c
Linking C executable cmTC_2268b
/home/sqg/下载/clion-2018.3.4/bin/cmake/linux/bin/cmake -E cmake_link_script CMakeFiles/cmTC_2268b.dir/link.txt --verbose=1
/usr/bin/cc   -DCHECK_FUNCTION_EXISTS=pthread_create    -rdynamic CMakeFiles/cmTC_2268b.dir/CheckFunctionExists.c.o  -o cmTC_2268b -lpthreads 
/usr/bin/ld: 找不到 -lpthreads
collect2: error: ld returned 1 exit status
CMakeFiles/cmTC_2268b.dir/build.make:86: recipe for target 'cmTC_2268b' failed
make[1]: *** [cmTC_2268b] Error 1
make[1]: Leaving directory '/home/sqg/Vision_Lab/PCL_Learning/basic/Segmentation/cmake-build-debug/CMakeFiles/CMakeTmp'
Makefile:121: recipe for target 'cmTC_2268b/fast' failed
make: *** [cmTC_2268b/fast] Error 2


